
> @brickie/web@1.0.0 build /home/user/brickie/apps/web
> next build

  ▲ Next.js 14.2.0

   Creating an optimized production build ...
 ✓ Compiled successfully
   Linting and checking validity of types ...
   Collecting page data ...
   Generating static pages (0/11) ...
   Generating static pages (2/11) 
   Generating static pages (5/11) 
   Generating static pages (8/11) 
 ✓ Generating static pages (11/11)
   Finalizing page optimization ...
   Collecting build traces ...

Route (app)                              Size     First Load JS
┌ ○ /                                    2.06 kB        95.8 kB
├ ○ /_not-found                          871 B          87.8 kB
├ ƒ /api/estimate                        0 B                0 B
├ ○ /dashboard                           25.7 kB         127 kB
├ ○ /dashboard/jobs                      2.34 kB         169 kB
├ ƒ /dashboard/jobs/[id]                 3.1 kB          339 kB
├ ○ /dashboard/result                    4.99 kB         338 kB
├ ○ /dashboard/settings                  4.69 kB         161 kB
├ ○ /login                               2.96 kB         166 kB
└ ○ /signup                              3 kB            166 kB
+ First Load JS shared by all            86.9 kB
  ├ chunks/71ec73ba-ebf7d8a3a42ef40a.js  53.6 kB
  ├ chunks/963-fd06356074a51755.js       31.3 kB
  └ other shared chunks (total)          1.95 kB


ƒ Middleware                             74.5 kB

○  (Static)   prerendered as static content
ƒ  (Dynamic)  server-rendered on demand

